Checking Metal GPU...
  Device: Metal.MTL.MTLDeviceInstance (object of type AGXG14CDevice)
Precomputing lines...
  Lines: 5524 | Packed points: 21228 | Max len: 19 | Triple-equiv: 83640 | 0.013s
  Collinearity normalization: mean-incidence | incidence mean=695.069, min=568.000, max=980.000
Coefficient selection:
  mode=normalized | base α=10.000, γ=4.000
  normalized mode active with col-normalization=mean-incidence
  overrides applied -> α=8.000, γ=4.000
============================================================
N3L Gradient Flow — Metal GPU (Line-Based RK4 Kernel v3)
============================================================
n=19, target=38 | α=8.000, β=1.0, γ=4.000
Max: 5000 traj, T=10.000s (effective 10.000s), dt=0.0050, steps=2000
Batch size: 1024 | Seed: 1464056994838881401
------------------------------------------------------------
Lines: 5524 | Packed points: 21228 | max line len: 19 | triple-equivalent terms: 83640
Collinearity normalization: mean-incidence
State dim: 361
------------------------------------------------------------
Warming up Metal GPU (compiling kernel)...
  ✓ Metal warmup OK
------------------------------------------------------------
[Batch 1/5] Launching 1024 trajectories on GPU...
  Best violations: 4 | 1024 tried | 10.1 traj/s
[Batch 2/5] Launching 1024 trajectories on GPU...
  Best violations: 4 | 2048 tried | 10.6 traj/s
[Batch 3/5] Launching 1024 trajectories on GPU...
  Best violations: 4 | 3072 tried | 10.8 traj/s
[Batch 4/5] Launching 1024 trajectories on GPU...
  Best violations: 4 | 4096 tried | 10.9 traj/s
[Batch 5/5] Launching 904 trajectories on GPU...
  Best violations: 4 | 5000 tried | 10.7 traj/s
------------------------------------------------------------
NO SOLUTION FOUND
Time: 468.28s | Tried: 5000 | Best: 4 viols | Rate: 10.7/s

Violation distribution:
   4 violations:    13 ( 0.26%) 
   5 violations:    17 ( 0.34%) 
   6 violations:    23 ( 0.46%) 
   7 violations:    22 ( 0.44%) 
   8 violations:    27 ( 0.54%) 
   9 violations:    27 ( 0.54%) 
  10 violations:    15 ( 0.30%) 
  11 violations:    12 ( 0.24%) 
  12 violations:    10 ( 0.20%) 
  13 violations:     8 ( 0.16%) 
  14 violations:     5 ( 0.10%) 
  15 violations:     2 ( 0.04%) 
  16 violations:     2 ( 0.04%) 
  17 violations:     3 ( 0.06%) 
  18 violations:     3 ( 0.06%) 
  19 violations:     2 ( 0.04%) 
  20 violations:     1 ( 0.02%) 
  21 violations:     2 ( 0.04%) 
  26 violations:     1 ( 0.02%) 
  35 violations:  4805 (96.10%) ########################################
