Precomputing lines for coefficient selection...
Coefficient selection:
  mode=normalized | base α=10.000, γ=4.500
  normalized mode active with col-normalization=mean-incidence
Precomputing lines...
  Lines: 628 | Packed points: 2452 | Max len: 11 | Triple-equiv: 6992 | 0.001s
  Collinearity normalization: mean-incidence | incidence mean=173.355, min=146.000, max=236.000
============================================================
N3L Gradient Flow — CPU Tsit5, Line-Based (v6)
============================================================
n=11, target=22 | α=10.000, β=1.0, γ=4.500
Max: 4000 traj, T=15.0s, 12 threads
Seed: 10199952177252295591 | Coeff mode: normalized | Col norm: mean-incidence
Lines: 628 (triple-equiv: 6992) | Progress: every 50
============================================================
[    11] ★ NEW BEST: 8 viols (traj 1)
[     4] ★ NEW BEST: 9 viols (traj 2669)
[     1] ★ NEW BEST: 5 viols (traj 2003)
[     2] ★ NEW BEST: 7 viols (traj 669)
[    50] best=5 | 26.6/s | eta=2m 29s
[   100] best=5 | 48.3/s | eta=1m 21s
[   150] best=5 | 66.6/s | eta=58s
[   166] ★ NEW BEST: 4 viols (traj 3348)
[   186] ★ NEW BEST: 3 viols (traj 1686)
[   200] best=3 | 82.2/s | eta=46s
[   250] best=3 | 95.5/s | eta=39s
[   300] best=3 | 107.2/s | eta=35s
[   350] best=3 | 117.7/s | eta=31s
[   400] best=3 | 126.8/s | eta=28s
[   450] best=3 | 134.8/s | eta=26s
[   500] best=3 | 141.8/s | eta=25s
[   550] best=3 | 148.2/s | eta=23s
[   600] best=3 | 154.5/s | eta=22s
[   650] best=3 | 159.7/s | eta=21s
[   700] best=3 | 164.3/s | eta=20s
[   750] best=3 | 168.3/s | eta=19s
[   755] ★ NEW BEST: 2 viols (traj 399)
[   800] best=2 | 172.4/s | eta=19s
[   850] best=2 | 175.9/s | eta=18s
[   900] best=2 | 179.2/s | eta=17s
[   950] best=2 | 182.4/s | eta=17s
[  1000] best=2 | 184.5/s | eta=16s
[  1050] best=2 | 187.4/s | eta=16s
[  1100] best=2 | 190.1/s | eta=15s
[  1150] best=2 | 192.5/s | eta=15s
[  1200] best=2 | 195.1/s | eta=14s
[  1250] best=2 | 197.4/s | eta=14s
[  1300] best=2 | 199.1/s | eta=14s
[  1350] best=2 | 201.2/s | eta=13s
[  1400] best=2 | 202.8/s | eta=13s
[  1450] best=2 | 204.7/s | eta=12s
[  1500] best=2 | 206.0/s | eta=12s
[  1550] best=2 | 207.7/s | eta=12s
[  1600] best=2 | 209.1/s | eta=11s
[  1650] best=2 | 210.5/s | eta=11s
[  1700] best=2 | 211.7/s | eta=11s
[  1750] best=2 | 212.8/s | eta=11s
[  1800] best=2 | 213.8/s | eta=10s
[  1850] best=2 | 215.1/s | eta=10s
[  1900] best=2 | 216.0/s | eta=10s
[  1950] best=2 | 217.2/s | eta=9s
[  2000] best=2 | 218.1/s | eta=9s
[  2050] best=2 | 218.8/s | eta=9s
[  2100] best=2 | 219.8/s | eta=9s
[  2150] best=2 | 220.5/s | eta=8s
[  2200] best=2 | 221.3/s | eta=8s
[  2250] best=2 | 222.2/s | eta=8s
[  2300] best=2 | 222.8/s | eta=8s
[  2350] best=2 | 222.7/s | eta=7s
[  2400] best=2 | 223.4/s | eta=7s
[  2450] best=2 | 223.9/s | eta=7s
[  2500] best=2 | 224.5/s | eta=7s
[  2550] best=2 | 225.2/s | eta=6s
[  2600] best=2 | 225.8/s | eta=6s
[  2650] best=2 | 226.1/s | eta=6s
[  2700] best=2 | 226.8/s | eta=6s
[  2750] best=2 | 227.4/s | eta=5s
[  2800] best=2 | 227.8/s | eta=5s
[  2850] best=2 | 228.2/s | eta=5s
[  2900] best=2 | 228.5/s | eta=5s
[  2950] best=2 | 228.7/s | eta=5s
[  3000] best=2 | 228.9/s | eta=4s
[  3050] best=2 | 229.2/s | eta=4s
[  3100] best=2 | 229.3/s | eta=4s
[  3150] best=2 | 229.4/s | eta=4s
[  3200] best=2 | 229.5/s | eta=3s
[  3250] best=2 | 229.8/s | eta=3s
[  3300] best=2 | 229.8/s | eta=3s
[  3350] best=2 | 229.7/s | eta=3s
[  3400] best=2 | 230.0/s | eta=3s
[  3450] best=2 | 230.2/s | eta=2s
[  3500] best=2 | 230.4/s | eta=2s
[  3550] best=2 | 230.5/s | eta=2s
[  3600] best=2 | 230.5/s | eta=2s
[  3650] best=2 | 230.6/s | eta=2s
[  3700] best=2 | 230.7/s | eta=1s
[  3750] best=2 | 230.3/s | eta=1s
[  3800] best=2 | 230.4/s | eta=1s
[  3850] best=2 | 230.6/s | eta=1s
[  3900] best=2 | 230.8/s | eta=0s
[  3950] best=2 | 230.8/s | eta=0s
------------------------------------------------------------
✗✗✗ NO SOLUTION FOUND ✗✗✗
Time: 17.41s | Tried: 4000 | Best: 2 viols | Rate: 229.8/s

Violation distribution:
   2 violations:     1 ( 0.03%) 
   3 violations:     3 ( 0.07%) 
   4 violations:    22 ( 0.55%) 
   5 violations:    43 ( 1.07%) █
   6 violations:    86 ( 2.15%) █
   7 violations:   162 ( 4.05%) ██
   8 violations:   204 ( 5.10%) ███
   9 violations:   273 ( 6.83%) ███
  10 violations:   350 ( 8.75%) ████
  11 violations:   396 ( 9.90%) █████
  12 violations:   390 ( 9.75%) █████
  13 violations:   381 ( 9.53%) █████
  14 violations:   345 ( 8.62%) ████
  15 violations:   308 ( 7.70%) ████
  16 violations:   256 ( 6.40%) ███
  17 violations:   204 ( 5.10%) ███
  18 violations:   148 ( 3.70%) ██
  19 violations:   124 ( 3.10%) ██
  20 violations:    89 ( 2.23%) █
  21 violations:    61 ( 1.52%) █
  22 violations:    53 ( 1.32%) █
  23 violations:    36 ( 0.90%) 
  24 violations:    23 ( 0.57%) 
  25 violations:    13 ( 0.33%) 
  26 violations:    12 ( 0.30%) 
  27 violations:     7 ( 0.17%) 
  28 violations:     1 ( 0.03%) 
  29 violations:     2 ( 0.05%) 
  30 violations:     2 ( 0.05%) 
  31 violations:     1 ( 0.03%) 
  32 violations:     1 ( 0.03%) 
  33 violations:     1 ( 0.03%) 
  35 violations:     1 ( 0.03%) 
  37 violations:     1 ( 0.03%) 
