Precomputing lines for coefficient selection...
Coefficient selection:
  mode=normalized | base α=10.000, γ=4.500
  normalized mode active with col-normalization=mean-incidence
Precomputing lines...
  Lines: 628 | Packed points: 2452 | Max len: 11 | Triple-equiv: 6992 | 0.001s
  Collinearity normalization: mean-incidence | incidence mean=173.355, min=146.000, max=236.000
============================================================
N3L Gradient Flow — CPU Tsit5, Line-Based (v6)
============================================================
n=11, target=22 | α=10.000, β=1.0, γ=4.500
Max: 200 traj, T=15.0s, 12 threads
Seed: 16950074580896289696 | Coeff mode: normalized | Col norm: mean-incidence
Lines: 628 (triple-equiv: 6992) | Progress: every 50
============================================================
[     1] ★ NEW BEST: 14 viols (traj 137)
[     7] ★ NEW BEST: 9 viols (traj 169)
[    14] ★ NEW BEST: 6 viols (traj 154)
[    50] best=6 | 24.3/s | eta=6s
[   100] best=6 | 44.4/s | eta=2s
[   131] ★ NEW BEST: 5 viols (traj 97)
[   150] best=5 | 61.4/s | eta=1s
------------------------------------------------------------
✗✗✗ NO SOLUTION FOUND ✗✗✗
Time: 2.70s | Tried: 200 | Best: 5 viols | Rate: 74.1/s

Violation distribution:
   5 violations:     1 ( 0.50%) 
   6 violations:     5 ( 2.50%) █
   7 violations:     5 ( 2.50%) █
   8 violations:    14 ( 7.00%) ████
   9 violations:    18 ( 9.00%) ████
  10 violations:    10 ( 5.00%) ██
  11 violations:    20 (10.00%) █████
  12 violations:    18 ( 9.00%) ████
  13 violations:    20 (10.00%) █████
  14 violations:    23 (11.50%) ██████
  15 violations:    14 ( 7.00%) ████
  16 violations:    13 ( 6.50%) ███
  17 violations:     6 ( 3.00%) ██
  18 violations:     9 ( 4.50%) ██
  19 violations:     7 ( 3.50%) ██
  20 violations:     1 ( 0.50%) 
  21 violations:     4 ( 2.00%) █
  22 violations:     7 ( 3.50%) ██
  23 violations:     1 ( 0.50%) 
  24 violations:     1 ( 0.50%) 
  25 violations:     1 ( 0.50%) 
  26 violations:     1 ( 0.50%) 
  27 violations:     1 ( 0.50%) 
