Precomputing lines for coefficient selection...
Coefficient selection:
  mode=normalized | base α=10.000, γ=4.500
  normalized mode active with col-normalization=mean-incidence
Precomputing lines...
  Lines: 628 | Packed points: 2452 | Max len: 11 | Triple-equiv: 6992 | 0.001s
  Collinearity normalization: mean-incidence | incidence mean=173.355, min=146.000, max=236.000
============================================================
N3L Gradient Flow — CPU Tsit5, Line-Based (v6)
============================================================
n=11, target=22 | α=10.000, β=1.0, γ=4.500
Max: 4000 traj, T=15.0s, 12 threads
Seed: 7595051809652838695 | Coeff mode: normalized | Col norm: mean-incidence
Lines: 628 (triple-equiv: 6992) | Progress: every 50
============================================================
[     4] ★ NEW BEST: 11 viols (traj 1)
[     8] ★ NEW BEST: 10 viols (traj 2003)
[    10] ★ NEW BEST: 9 viols (traj 335)
[    22] ★ NEW BEST: 6 viols (traj 2)
[    50] best=6 | 24.0/s | eta=2m 44s
[   100] best=6 | 43.9/s | eta=1m 29s
[   150] best=6 | 60.8/s | eta=1m 3s
[   173] ★ NEW BEST: 5 viols (traj 2018)
[   200] best=5 | 75.1/s | eta=51s
[   250] best=5 | 87.7/s | eta=43s
[   300] best=5 | 98.6/s | eta=38s
[   350] best=5 | 108.3/s | eta=34s
[   400] best=5 | 116.1/s | eta=31s
[   450] best=5 | 123.7/s | eta=29s
[   500] best=5 | 130.5/s | eta=27s
[   550] best=5 | 136.3/s | eta=25s
[   600] best=5 | 141.5/s | eta=24s
[   650] best=5 | 146.3/s | eta=23s
[   700] best=5 | 150.1/s | eta=22s
[   750] best=5 | 154.3/s | eta=21s
[   800] best=5 | 157.8/s | eta=20s
[   850] best=5 | 161.4/s | eta=20s
[   900] best=5 | 164.2/s | eta=19s
[   911] ★ NEW BEST: 2 viols (traj 3745)
[   950] best=2 | 167.5/s | eta=18s
[  1000] best=2 | 169.8/s | eta=18s
[  1050] best=2 | 171.9/s | eta=17s
[  1100] best=2 | 174.5/s | eta=17s
[  1150] best=2 | 176.2/s | eta=16s
[  1200] best=2 | 178.1/s | eta=16s
[  1250] best=2 | 180.2/s | eta=15s
[  1300] best=2 | 181.9/s | eta=15s
[  1350] best=2 | 184.1/s | eta=14s
[  1400] best=2 | 185.7/s | eta=14s
[  1450] best=2 | 187.7/s | eta=14s
[  1500] best=2 | 189.0/s | eta=13s
[  1550] best=2 | 190.2/s | eta=13s
[  1600] best=2 | 191.5/s | eta=13s
[  1650] best=2 | 192.7/s | eta=12s
[  1700] best=2 | 193.3/s | eta=12s
[  1750] best=2 | 194.4/s | eta=12s
[  1800] best=2 | 195.5/s | eta=11s
[  1850] best=2 | 196.5/s | eta=11s
[  1900] best=2 | 197.4/s | eta=11s
[  1950] best=2 | 198.5/s | eta=10s
[  2000] best=2 | 199.3/s | eta=10s
[  2050] best=2 | 200.4/s | eta=10s
[  2100] best=2 | 201.2/s | eta=9s
[  2150] best=2 | 201.8/s | eta=9s
[  2200] best=2 | 202.6/s | eta=9s
[  2250] best=2 | 202.7/s | eta=9s
[  2300] best=2 | 203.5/s | eta=8s
[  2350] best=2 | 203.5/s | eta=8s
[  2400] best=2 | 203.8/s | eta=8s
[  2450] best=2 | 204.5/s | eta=8s
[  2500] best=2 | 205.3/s | eta=7s
[  2550] best=2 | 205.8/s | eta=7s
[  2600] best=2 | 206.5/s | eta=7s
[  2650] best=2 | 206.9/s | eta=7s
[  2700] best=2 | 207.3/s | eta=6s
[  2750] best=2 | 207.8/s | eta=6s
[  2800] best=2 | 208.1/s | eta=6s
[  2850] best=2 | 208.6/s | eta=6s
[  2900] best=2 | 209.1/s | eta=5s
[  2950] best=2 | 209.3/s | eta=5s
[  3000] best=2 | 209.7/s | eta=5s
[  3050] best=2 | 210.0/s | eta=5s
[  3100] best=2 | 210.7/s | eta=4s
[  3150] best=2 | 210.9/s | eta=4s
[  3200] best=2 | 211.1/s | eta=4s
[  3250] best=2 | 211.4/s | eta=4s
[  3300] best=2 | 211.8/s | eta=3s
[  3350] best=2 | 211.9/s | eta=3s
[  3400] best=2 | 212.3/s | eta=3s
[  3450] best=2 | 212.7/s | eta=3s
[  3500] best=2 | 212.9/s | eta=2s
[  3550] best=2 | 213.3/s | eta=2s
[  3600] best=2 | 213.0/s | eta=2s
[  3650] best=2 | 213.3/s | eta=2s
[  3700] best=2 | 213.5/s | eta=1s
[  3750] best=2 | 213.8/s | eta=1s
[  3800] best=2 | 213.9/s | eta=1s
[  3850] best=2 | 214.0/s | eta=1s
[  3900] best=2 | 214.2/s | eta=0s
[  3950] best=2 | 214.5/s | eta=0s
------------------------------------------------------------
✗✗✗ NO SOLUTION FOUND ✗✗✗
Time: 18.76s | Tried: 4000 | Best: 2 viols | Rate: 213.3/s

Violation distribution:
   2 violations:     1 ( 0.03%) 
   3 violations:    12 ( 0.30%) 
   4 violations:    13 ( 0.33%) 
   5 violations:    39 ( 0.97%) 
   6 violations:    94 ( 2.35%) █
   7 violations:   150 ( 3.75%) ██
   8 violations:   207 ( 5.17%) ███
   9 violations:   298 ( 7.45%) ████
  10 violations:   337 ( 8.43%) ████
  11 violations:   356 ( 8.90%) ████
  12 violations:   372 ( 9.30%) █████
  13 violations:   397 ( 9.93%) █████
  14 violations:   343 ( 8.57%) ████
  15 violations:   303 ( 7.58%) ████
  16 violations:   274 ( 6.85%) ███
  17 violations:   227 ( 5.67%) ███
  18 violations:   138 ( 3.45%) ██
  19 violations:   115 ( 2.88%) █
  20 violations:    86 ( 2.15%) █
  21 violations:    79 ( 1.98%) █
  22 violations:    57 ( 1.43%) █
  23 violations:    29 ( 0.72%) 
  24 violations:    21 ( 0.53%) 
  25 violations:    15 ( 0.38%) 
  26 violations:    12 ( 0.30%) 
  27 violations:     8 ( 0.20%) 
  28 violations:     4 ( 0.10%) 
  29 violations:     3 ( 0.07%) 
  30 violations:     6 ( 0.15%) 
  32 violations:     2 ( 0.05%) 
  33 violations:     1 ( 0.03%) 
  35 violations:     1 ( 0.03%) 
