Precomputing lines...
  Lines: 108 | Packed points: 428 | Max len: 7 | Triple-equiv: 824 | 0.000s
  Collinearity normalization: mean-incidence | incidence mean=50.449, min=44.000, max=72.000
  Schedule bounds α:[2.000, 24.000] γ:[1.000, 12.000] η:[0.050, 5.000]
====================================================================
N3L UDE Training — CPU Tsit5 + Lux Schedules
====================================================================
n=7, target=14 | T=15.000 | batch=8 | iters=500 | lr=1.000e-03
bounds α:[2.000, 24.000] γ:[1.000, 12.000] η:[0.050, 5.000]
loss λ: col=1.000, bin=0.500, mass=1.000 | abstol=1.0e-06 reltol=1.0e-04
seed=13015931595289421867 | hidden=32
--------------------------------------------------------------------
[train      1] loss=5.750000e+00 | eval best_viols=3 | avg|sum-k|=2.12500 | avg x(1-x)=0.00000
              α(0,0.5T,T)=[10.939, 11.880, 13.291] γ=[5.481, 5.023, 5.255] η=[2.281, 1.164, 0.954]
[train     50] loss=5.875000e+00 | eval best_viols=3 | avg|sum-k|=2.12500 | avg x(1-x)=0.00000
              α(0,0.5T,T)=[10.939, 11.880, 13.291] γ=[5.481, 5.023, 5.255] η=[2.281, 1.164, 0.954]
[train    100] loss=3.250000e+00 | eval best_viols=3 | avg|sum-k|=2.12500 | avg x(1-x)=0.00000
              α(0,0.5T,T)=[10.939, 11.880, 13.291] γ=[5.481, 5.023, 5.255] η=[2.281, 1.164, 0.954]
[train    150] loss=6.625000e+00 | eval best_viols=3 | avg|sum-k|=2.12500 | avg x(1-x)=0.00000
              α(0,0.5T,T)=[10.939, 11.880, 13.291] γ=[5.481, 5.023, 5.255] η=[2.281, 1.164, 0.954]
[train    200] loss=5.375000e+00 | eval best_viols=3 | avg|sum-k|=2.12500 | avg x(1-x)=0.00000
              α(0,0.5T,T)=[10.939, 11.880, 13.291] γ=[5.481, 5.023, 5.255] η=[2.281, 1.164, 0.954]
