Precomputing lines for coefficient selection...
Coefficient selection:
  mode=normalized | base α=5.000, γ=5.000
  normalized mode active with col-normalization=mean-incidence
Precomputing lines...
  Lines: 8 | Packed points: 24 | Max len: 3 | Triple-equiv: 8 | 0.000s
  Collinearity normalization: mean-incidence | incidence mean=2.667, min=2.000, max=4.000
============================================================
N3L Gradient Flow — CPU Tsit5, Line-Based (v6)
============================================================
n=3, target=6 | α=5.000, β=1.0, γ=5.000
Max: 200 traj, T=15.0s, 12 threads
Seed: 10893121883880880191 | Coeff mode: normalized | Col norm: mean-incidence
Lines: 8 (triple-equiv: 8) | Progress: every 50
============================================================
[     4] ★ NEW BEST: 1 viols (traj 86)

🎉 SOLUTION! traj=120, time=1.7s, tried=2
[    50] best=1 | 30.0/s | eta=5s
------------------------------------------------------------
✓✓✓ SUCCESS ✓✓✓
Time: 1.75s | Tried: 64/200 (32.0%) | Rate: 36.6/s

Violation distribution:
   0 violations:    11 (17.19%) █████████
   1 violations:    38 (59.38%) ██████████████████████████████
   2 violations:    15 (23.44%) ████████████

Solution:
  ● ● · 
  ● · ● 
  · ● ● 
  Saved: solutions/3/sol_v6_20260220_122937_traj120.txt

Reproduce exact solution:
julia --project=. --threads=auto main_v6.jl 3 --R 200 --T 15.0 --coeff-mode normalized --col-normalization mean-incidence --seed 10893121883880880191
