Mutating arrays is not supported -- called setindex!(Vector{Float64}, ...)
This error occurs when you ask Zygote to differentiate operations that change
the elements of arrays in place (e.g. setting values with x .= ...)

Possible fixes:
- avoid mutating operations (preferred)
- or read the documentation and solutions for this error
  https://fluxml.ai/Zygote.jl/latest/limitations

Stacktrace:
  [1] error(s::String)
    @ Base ./error.jl:35
  [2] _throw_mutation_error(f::Function, args::Vector{Float64})
    @ Zygote ~/.julia/packages/Zygote/55SqB/src/lib/array.jl:70
  [3] (::Zygote.var"#553#554"{Vector{Float64}})(::Nothing)
    @ Zygote ~/.julia/packages/Zygote/55SqB/src/lib/array.jl:82
  [4] (::Zygote.var"#2643#back#555"{Zygote.var"#553#554"{Vector{Float64}}})(Δ::Nothing)
    @ Zygote ~/.julia/packages/ZygoteRules/CkVIK/src/adjoint.jl:72
  [5] biased_init
    @ ~/Developer/Work/Research/ICLR/approach_1/ude_n3l_tsit5.jl:498 [inlined]
  [6] (::Zygote.Pullback{Tuple{typeof(biased_init), Xoshiro, Int64, Float64}, Any})(Δ::Vector{Float64})
    @ Zygote ~/.julia/packages/Zygote/55SqB/src/compiler/interface2.jl:0
  [7] init_from_seed
    @ ~/Developer/Work/Research/ICLR/approach_1/ude_n3l_tsit5.jl:515 [inlined]
  [8] (::Zygote.Pullback{Tuple{typeof(init_from_seed), Int64, UInt64}, Tuple{Zygote.Pullback{Tuple{typeof(target_count), Int64}, Tuple{Zygote.ZBack{ChainRules.var"#times_pullback2#426"{Int64, Int64}}}}, Zygote.Pullback{Tuple{typeof(biased_init), Xoshiro, Int64, Float64}, Any}, Zygote.ZBack{ChainRules.var"#AbstractRNG_pullback#1237"{Tuple{UInt64}}}, Zygote.ZBack{ChainRules.var"#times_pullback2#426"{Int64, Int64}}, Zygote.ZBack{ChainRules.var"#/_pullback#416"{Float64, Float64, ChainRulesCore.ProjectTo{Float64, @NamedTuple{}}, ChainRulesCore.ProjectTo{Float64, @NamedTuple{}}}}}})(Δ::Vector{Float64})
    @ Zygote ~/.julia/packages/Zygote/55SqB/src/compiler/interface2.jl:0
  [9] loss
    @ ~/Developer/Work/Research/ICLR/approach_1/ude_n3l_tsit5.jl:786 [inlined]
 [10] (::Zygote.Pullback{Tuple{var"#loss#18"{Config, Vector{Int32}, Vector{Int32}, LossWeights, Int64, UInt64, Base.RefValue{Int64}, UInt64, InterpolatingAdjoint{0, true, Val{:central}, ZygoteVJP}, Int64, var"#rhs!#15"{Vector{Int32}, Vector{Int32}, Vector{Float64}, Config, NeuralScheduleRuntime{Chain{@NamedTuple{layer_1::Dense{typeof(tanh), Int64, Int64, Nothing, Nothing, Static.True}, layer_2::Dense{typeof(tanh), Int64, Int64, Nothing, Nothing, Static.True}, layer_3::Dense{typeof(identity), Int64, Int64, Nothing, Nothing, Static.True}}, Nothing}, @NamedTuple{layer_1::@NamedTuple{}, layer_2::@NamedTuple{}, layer_3::@NamedTuple{}}}, Int64, Int64, Int64}}, ComponentVector{Float64, Vector{Float64}, Tuple{Axis{(layer_1 = ViewAxis(1:64, Axis(weight = ViewAxis(1:32, ShapedAxis((32, 1))), bias = ViewAxis(33:64, Shaped1DAxis((32,))))), layer_2 = ViewAxis(65:1120, Axis(weight = ViewAxis(1:1024, ShapedAxis((32, 32))), bias = ViewAxis(1025:1056, Shaped1DAxis((32,))))), layer_3 = ViewAxis(1121:1219, Axis(weight = ViewAxis(1:96, ShapedAxis((3, 32))), bias = ViewAxis(97:99, Shaped1DAxis((3,))))))}}}, SciMLBase.NullParameters}, Any})(Δ::Float64)
    @ Zygote ~/.julia/packages/Zygote/55SqB/src/compiler/interface2.jl:0
 [11] (::Zygote.var"#88#89"{Zygote.Pullback{Tuple{var"#loss#18"{Config, Vector{Int32}, Vector{Int32}, LossWeights, Int64, UInt64, Base.RefValue{Int64}, UInt64, InterpolatingAdjoint{0, true, Val{:central}, ZygoteVJP}, Int64, var"#rhs!#15"{Vector{Int32}, Vector{Int32}, Vector{Float64}, Config, NeuralScheduleRuntime{Chain{@NamedTuple{layer_1::Dense{typeof(tanh), Int64, Int64, Nothing, Nothing, Static.True}, layer_2::Dense{typeof(tanh), Int64, Int64, Nothing, Nothing, Static.True}, layer_3::Dense{typeof(identity), Int64, Int64, Nothing, Nothing, Static.True}}, Nothing}, @NamedTuple{layer_1::@NamedTuple{}, layer_2::@NamedTuple{}, layer_3::@NamedTuple{}}}, Int64, Int64, Int64}}, ComponentVector{Float64, Vector{Float64}, Tuple{Axis{(layer_1 = ViewAxis(1:64, Axis(weight = ViewAxis(1:32, ShapedAxis((32, 1))), bias = ViewAxis(33:64, Shaped1DAxis((32,))))), layer_2 = ViewAxis(65:1120, Axis(weight = ViewAxis(1:1024, ShapedAxis((32, 32))), bias = ViewAxis(1025:1056, Shaped1DAxis((32,))))), layer_3 = ViewAxis(1121:1219, Axis(weight = ViewAxis(1:96, ShapedAxis((3, 32))), bias = ViewAxis(97:99, Shaped1DAxis((3,))))))}}}, SciMLBase.NullParameters}, Any}})(Δ::Float64)
    @ Zygote ~/.julia/packages/Zygote/55SqB/src/compiler/interface.jl:97
 [12] withgradient(::Function, ::ComponentVector{Float64, Vector{Float64}, Tuple{Axis{(layer_1 = ViewAxis(1:64, Axis(weight = ViewAxis(1:32, ShapedAxis((32, 1))), bias = ViewAxis(33:64, Shaped1DAxis((32,))))), layer_2 = ViewAxis(65:1120, Axis(weight = ViewAxis(1:1024, ShapedAxis((32, 32))), bias = ViewAxis(1025:1056, Shaped1DAxis((32,))))), layer_3 = ViewAxis(1121:1219, Axis(weight = ViewAxis(1:96, ShapedAxis((3, 32))), bias = ViewAxis(97:99, Shaped1DAxis((3,))))))}}}, ::Vararg{Any})
    @ Zygote ~/.julia/packages/Zygote/55SqB/src/compiler/interface.jl:0
 [13] value_and_gradient
    @ ~/.julia/packages/DifferentiationInterface/afUhd/ext/DifferentiationInterfaceZygoteExt/DifferentiationInterfaceZygoteExt.jl:115 [inlined]
 [14] value_and_gradient!(f::Function, grad::ComponentVector{Float64, Vector{Float64}, Tuple{Axis{(layer_1 = ViewAxis(1:64, Axis(weight = ViewAxis(1:32, ShapedAxis((32, 1))), bias = ViewAxis(33:64, Shaped1DAxis((32,))))), layer_2 = ViewAxis(65:1120, Axis(weight = ViewAxis(1:1024, ShapedAxis((32, 32))), bias = ViewAxis(1025:1056, Shaped1DAxis((32,))))), layer_3 = ViewAxis(1121:1219, Axis(weight = ViewAxis(1:96, ShapedAxis((3, 32))), bias = ViewAxis(97:99, Shaped1DAxis((3,))))))}}}, prep::DifferentiationInterface.NoGradientPrep{Nothing}, backend::AutoZygote, x::ComponentVector{Float64, Vector{Float64}, Tuple{Axis{(layer_1 = ViewAxis(1:64, Axis(weight = ViewAxis(1:32, ShapedAxis((32, 1))), bias = ViewAxis(33:64, Shaped1DAxis((32,))))), layer_2 = ViewAxis(65:1120, Axis(weight = ViewAxis(1:1024, ShapedAxis((32, 32))), bias = ViewAxis(1025:1056, Shaped1DAxis((32,))))), layer_3 = ViewAxis(1121:1219, Axis(weight = ViewAxis(1:96, ShapedAxis((3, 32))), bias = ViewAxis(97:99, Shaped1DAxis((3,))))))}}}, contexts::DifferentiationInterface.Constant{SciMLBase.NullParameters})
    @ DifferentiationInterfaceZygoteExt ~/.julia/packages/DifferentiationInterface/afUhd/ext/DifferentiationInterfaceZygoteExt/DifferentiationInterfaceZygoteExt.jl:131
 [15] (::OptimizationZygoteExt.var"#fg!#18"{SciMLBase.NullParameters, OptimizationFunction{true, AutoZygote, var"#loss#18"{Config, Vector{Int32}, Vector{Int32}, LossWeights, Int64, UInt64, Base.RefValue{Int64}, UInt64, InterpolatingAdjoint{0, true, Val{:central}, ZygoteVJP}, Int64, var"#rhs!#15"{Vector{Int32}, Vector{Int32}, Vector{Float64}, Config, NeuralScheduleRuntime{Chain{@NamedTuple{layer_1::Dense{typeof(tanh), Int64, Int64, Nothing, Nothing, Static.True}, layer_2::Dense{typeof(tanh), Int64, Int64, Nothing, Nothing, Static.True}, layer_3::Dense{typeof(identity), Int64, Int64, Nothing, Nothing, Static.True}}, Nothing}, @NamedTuple{layer_1::@NamedTuple{}, layer_2::@NamedTuple{}, layer_3::@NamedTuple{}}}, Int64, Int64, Int64}}, Nothing, Nothing, Nothing, Nothing, Nothing, Nothing, Nothing, Nothing, Nothing, Nothing, Nothing, Nothing, Nothing, typeof(SciMLBase.DEFAULT_OBSERVED_NO_TIME), Nothing, Nothing, Nothing, Nothing, Nothing, Nothing, Nothing, Nothing, Nothing, Nothing}, AutoZygote})(res::ComponentVector{Float64, Vector{Float64}, Tuple{Axis{(layer_1 = ViewAxis(1:64, Axis(weight = ViewAxis(1:32, ShapedAxis((32, 1))), bias = ViewAxis(33:64, Shaped1DAxis((32,))))), layer_2 = ViewAxis(65:1120, Axis(weight = ViewAxis(1:1024, ShapedAxis((32, 32))), bias = ViewAxis(1025:1056, Shaped1DAxis((32,))))), layer_3 = ViewAxis(1121:1219, Axis(weight = ViewAxis(1:96, ShapedAxis((3, 32))), bias = ViewAxis(97:99, Shaped1DAxis((3,))))))}}}, θ::ComponentVector{Float64, Vector{Float64}, Tuple{Axis{(layer_1 = ViewAxis(1:64, Axis(weight = ViewAxis(1:32, ShapedAxis((32, 1))), bias = ViewAxis(33:64, Shaped1DAxis((32,))))), layer_2 = ViewAxis(65:1120, Axis(weight = ViewAxis(1:1024, ShapedAxis((32, 32))), bias = ViewAxis(1025:1056, Shaped1DAxis((32,))))), layer_3 = ViewAxis(1121:1219, Axis(weight = ViewAxis(1:96, ShapedAxis((3, 32))), bias = ViewAxis(97:99, Shaped1DAxis((3,))))))}}})
    @ OptimizationZygoteExt ~/.julia/packages/OptimizationBase/mYxHK/ext/OptimizationZygoteExt.jl:57
 [16] __solve(cache::OptimizationCache{Adam{Float64, Tuple{Float64, Float64}, Float64}, true, OptimizationFunction{true, AutoZygote, var"#loss#18"{Config, Vector{Int32}, Vector{Int32}, LossWeights, Int64, UInt64, Base.RefValue{Int64}, UInt64, InterpolatingAdjoint{0, true, Val{:central}, ZygoteVJP}, Int64, var"#rhs!#15"{Vector{Int32}, Vector{Int32}, Vector{Float64}, Config, NeuralScheduleRuntime{Chain{@NamedTuple{layer_1::Dense{typeof(tanh), Int64, Int64, Nothing, Nothing, Static.True}, layer_2::Dense{typeof(tanh), Int64, Int64, Nothing, Nothing, Static.True}, layer_3::Dense{typeof(identity), Int64, Int64, Nothing, Nothing, Static.True}}, Nothing}, @NamedTuple{layer_1::@NamedTuple{}, layer_2::@NamedTuple{}, layer_3::@NamedTuple{}}}, Int64, Int64, Int64}}, OptimizationZygoteExt.var"#grad#16"{SciMLBase.NullParameters, OptimizationFunction{true, AutoZygote, var"#loss#18"{Config, Vector{Int32}, Vector{Int32}, LossWeights, Int64, UInt64, Base.RefValue{Int64}, UInt64, InterpolatingAdjoint{0, true, Val{:central}, ZygoteVJP}, Int64, var"#rhs!#15"{Vector{Int32}, Vector{Int32}, Vector{Float64}, Config, NeuralScheduleRuntime{Chain{@NamedTuple{layer_1::Dense{typeof(tanh), Int64, Int64, Nothing, Nothing, Static.True}, layer_2::Dense{typeof(tanh), Int64, Int64, Nothing, Nothing, Static.True}, layer_3::Dense{typeof(identity), Int64, Int64, Nothing, Nothing, Static.True}}, Nothing}, @NamedTuple{layer_1::@NamedTuple{}, layer_2::@NamedTuple{}, layer_3::@NamedTuple{}}}, Int64, Int64, Int64}}, Nothing, Nothing, Nothing, Nothing, Nothing, Nothing, Nothing, Nothing, Nothing, Nothing, Nothing, Nothing, Nothing, typeof(SciMLBase.DEFAULT_OBSERVED_NO_TIME), Nothing, Nothing, Nothing, Nothing, Nothing, Nothing, Nothing, Nothing, Nothing, Nothing}, AutoZygote}, OptimizationZygoteExt.var"#fg!#18"{SciMLBase.NullParameters, OptimizationFunction{true, AutoZygote, var"#loss#18"{Config, Vector{Int32}, Vector{Int32}, LossWeights, Int64, UInt64, Base.RefValue{Int64}, UInt64, InterpolatingAdjoint{0, true, Val{:central}, ZygoteVJP}, Int64, var"#rhs!#15"{Vector{Int32}, Vector{Int32}, Vector{Float64}, Config, NeuralScheduleRuntime{Chain{@NamedTuple{layer_1::Dense{typeof(tanh), Int64, Int64, Nothing, Nothing, Static.True}, layer_2::Dense{typeof(tanh), Int64, Int64, Nothing, Nothing, Static.True}, layer_3::Dense{typeof(identity), Int64, Int64, Nothing, Nothing, Static.True}}, Nothing}, @NamedTuple{layer_1::@NamedTuple{}, layer_2::@NamedTuple{}, layer_3::@NamedTuple{}}}, Int64, Int64, Int64}}, Nothing, Nothing, Nothing, Nothing, Nothing, Nothing, Nothing, Nothing, Nothing, Nothing, Nothing, Nothing, Nothing, typeof(SciMLBase.DEFAULT_OBSERVED_NO_TIME), Nothing, Nothing, Nothing, Nothing, Nothing, Nothing, Nothing, Nothing, Nothing, Nothing}, AutoZygote}, Nothing, Nothing, Nothing, Nothing, Nothing, Nothing, Nothing, Nothing, Nothing, Nothing, Nothing, typeof(SciMLBase.DEFAULT_OBSERVED_NO_TIME), Nothing, Nothing, Nothing, Nothing, Nothing, Nothing, Nothing, Nothing, Nothing, Nothing}, OptimizationBase.ReInitCache{ComponentVector{Float64, Vector{Float64}, Tuple{Axis{(layer_1 = ViewAxis(1:64, Axis(weight = ViewAxis(1:32, ShapedAxis((32, 1))), bias = ViewAxis(33:64, Shaped1DAxis((32,))))), layer_2 = ViewAxis(65:1120, Axis(weight = ViewAxis(1:1024, ShapedAxis((32, 32))), bias = ViewAxis(1025:1056, Shaped1DAxis((32,))))), layer_3 = ViewAxis(1121:1219, Axis(weight = ViewAxis(1:96, ShapedAxis((3, 32))), bias = ViewAxis(97:99, Shaped1DAxis((3,))))))}}}, SciMLBase.NullParameters}, Nothing, Nothing, Nothing, Nothing, Nothing, Bool, var"#22#24"{Vector{Int32}, Vector{Int32}, Vector{Float64}, Base.RefValue{Int64}, Base.RefValue{ComponentVector{Float64, Vector{Float64}, Tuple{Axis{(layer_1 = ViewAxis(1:64, Axis(weight = ViewAxis(1:32, ShapedAxis((32, 1))), bias = ViewAxis(33:64, Shaped1DAxis((32,))))), layer_2 = ViewAxis(65:1120, Axis(weight = ViewAxis(1:1024, ShapedAxis((32, 32))), bias = ViewAxis(1025:1056, Shaped1DAxis((32,))))), layer_3 = ViewAxis(1121:1219, Axis(weight = ViewAxis(1:96, ShapedAxis((3, 32))), bias = ViewAxis(97:99, Shaped1DAxis((3,))))))}}}}, Base.RefValue{Float64}, Vector{UInt64}, Base.RefValue{Int64}, NeuralScheduleRuntime{Chain{@NamedTuple{layer_1::Dense{typeof(tanh), Int64, Int64, Nothing, Nothing, Static.True}, layer_2::Dense{typeof(tanh), Int64, Int64, Nothing, Nothing, Static.True}, layer_3::Dense{typeof(identity), Int64, Int64, Nothing, Nothing, Static.True}}, Nothing}, @NamedTuple{layer_1::@NamedTuple{}, layer_2::@NamedTuple{}, layer_3::@NamedTuple{}}}, Int64, Int64, Config}, Nothing})
    @ OptimizationOptimisers ~/.julia/packages/OptimizationOptimisers/atr4L/src/OptimizationOptimisers.jl:0
 [17] solve!(cache::OptimizationCache{Adam{Float64, Tuple{Float64, Float64}, Float64}, true, OptimizationFunction{true, AutoZygote, var"#loss#18"{Config, Vector{Int32}, Vector{Int32}, LossWeights, Int64, UInt64, Base.RefValue{Int64}, UInt64, InterpolatingAdjoint{0, true, Val{:central}, ZygoteVJP}, Int64, var"#rhs!#15"{Vector{Int32}, Vector{Int32}, Vector{Float64}, Config, NeuralScheduleRuntime{Chain{@NamedTuple{layer_1::Dense{typeof(tanh), Int64, Int64, Nothing, Nothing, Static.True}, layer_2::Dense{typeof(tanh), Int64, Int64, Nothing, Nothing, Static.True}, layer_3::Dense{typeof(identity), Int64, Int64, Nothing, Nothing, Static.True}}, Nothing}, @NamedTuple{layer_1::@NamedTuple{}, layer_2::@NamedTuple{}, layer_3::@NamedTuple{}}}, Int64, Int64, Int64}}, OptimizationZygoteExt.var"#grad#16"{SciMLBase.NullParameters, OptimizationFunction{true, AutoZygote, var"#loss#18"{Config, Vector{Int32}, Vector{Int32}, LossWeights, Int64, UInt64, Base.RefValue{Int64}, UInt64, InterpolatingAdjoint{0, true, Val{:central}, ZygoteVJP}, Int64, var"#rhs!#15"{Vector{Int32}, Vector{Int32}, Vector{Float64}, Config, NeuralScheduleRuntime{Chain{@NamedTuple{layer_1::Dense{typeof(tanh), Int64, Int64, Nothing, Nothing, Static.True}, layer_2::Dense{typeof(tanh), Int64, Int64, Nothing, Nothing, Static.True}, layer_3::Dense{typeof(identity), Int64, Int64, Nothing, Nothing, Static.True}}, Nothing}, @NamedTuple{layer_1::@NamedTuple{}, layer_2::@NamedTuple{}, layer_3::@NamedTuple{}}}, Int64, Int64, Int64}}, Nothing, Nothing, Nothing, Nothing, Nothing, Nothing, Nothing, Nothing, Nothing, Nothing, Nothing, Nothing, Nothing, typeof(SciMLBase.DEFAULT_OBSERVED_NO_TIME), Nothing, Nothing, Nothing, Nothing, Nothing, Nothing, Nothing, Nothing, Nothing, Nothing}, AutoZygote}, OptimizationZygoteExt.var"#fg!#18"{SciMLBase.NullParameters, OptimizationFunction{true, AutoZygote, var"#loss#18"{Config, Vector{Int32}, Vector{Int32}, LossWeights, Int64, UInt64, Base.RefValue{Int64}, UInt64, InterpolatingAdjoint{0, true, Val{:central}, ZygoteVJP}, Int64, var"#rhs!#15"{Vector{Int32}, Vector{Int32}, Vector{Float64}, Config, NeuralScheduleRuntime{Chain{@NamedTuple{layer_1::Dense{typeof(tanh), Int64, Int64, Nothing, Nothing, Static.True}, layer_2::Dense{typeof(tanh), Int64, Int64, Nothing, Nothing, Static.True}, layer_3::Dense{typeof(identity), Int64, Int64, Nothing, Nothing, Static.True}}, Nothing}, @NamedTuple{layer_1::@NamedTuple{}, layer_2::@NamedTuple{}, layer_3::@NamedTuple{}}}, Int64, Int64, Int64}}, Nothing, Nothing, Nothing, Nothing, Nothing, Nothing, Nothing, Nothing, Nothing, Nothing, Nothing, Nothing, Nothing, typeof(SciMLBase.DEFAULT_OBSERVED_NO_TIME), Nothing, Nothing, Nothing, Nothing, Nothing, Nothing, Nothing, Nothing, Nothing, Nothing}, AutoZygote}, Nothing, Nothing, Nothing, Nothing, Nothing, Nothing, Nothing, Nothing, Nothing, Nothing, Nothing, typeof(SciMLBase.DEFAULT_OBSERVED_NO_TIME), Nothing, Nothing, Nothing, Nothing, Nothing, Nothing, Nothing, Nothing, Nothing, Nothing}, OptimizationBase.ReInitCache{ComponentVector{Float64, Vector{Float64}, Tuple{Axis{(layer_1 = ViewAxis(1:64, Axis(weight = ViewAxis(1:32, ShapedAxis((32, 1))), bias = ViewAxis(33:64, Shaped1DAxis((32,))))), layer_2 = ViewAxis(65:1120, Axis(weight = ViewAxis(1:1024, ShapedAxis((32, 32))), bias = ViewAxis(1025:1056, Shaped1DAxis((32,))))), layer_3 = ViewAxis(1121:1219, Axis(weight = ViewAxis(1:96, ShapedAxis((3, 32))), bias = ViewAxis(97:99, Shaped1DAxis((3,))))))}}}, SciMLBase.NullParameters}, Nothing, Nothing, Nothing, Nothing, Nothing, Bool, var"#22#24"{Vector{Int32}, Vector{Int32}, Vector{Float64}, Base.RefValue{Int64}, Base.RefValue{ComponentVector{Float64, Vector{Float64}, Tuple{Axis{(layer_1 = ViewAxis(1:64, Axis(weight = ViewAxis(1:32, ShapedAxis((32, 1))), bias = ViewAxis(33:64, Shaped1DAxis((32,))))), layer_2 = ViewAxis(65:1120, Axis(weight = ViewAxis(1:1024, ShapedAxis((32, 32))), bias = ViewAxis(1025:1056, Shaped1DAxis((32,))))), layer_3 = ViewAxis(1121:1219, Axis(weight = ViewAxis(1:96, ShapedAxis((3, 32))), bias = ViewAxis(97:99, Shaped1DAxis((3,))))))}}}}, Base.RefValue{Float64}, Vector{UInt64}, Base.RefValue{Int64}, NeuralScheduleRuntime{Chain{@NamedTuple{layer_1::Dense{typeof(tanh), Int64, Int64, Nothing, Nothing, Static.True}, layer_2::Dense{typeof(tanh), Int64, Int64, Nothing, Nothing, Static.True}, layer_3::Dense{typeof(identity), Int64, Int64, Nothing, Nothing, Static.True}}, Nothing}, @NamedTuple{layer_1::@NamedTuple{}, layer_2::@NamedTuple{}, layer_3::@NamedTuple{}}}, Int64, Int64, Config}, Nothing})
    @ OptimizationBase ~/.julia/packages/OptimizationBase/mYxHK/src/solve.jl:216
 [18] solve(::OptimizationProblem{true, OptimizationFunction{true, AutoZygote, var"#loss#18"{Config, Vector{Int32}, Vector{Int32}, LossWeights, Int64, UInt64, Base.RefValue{Int64}, UInt64, InterpolatingAdjoint{0, true, Val{:central}, ZygoteVJP}, Int64, var"#rhs!#15"{Vector{Int32}, Vector{Int32}, Vector{Float64}, Config, NeuralScheduleRuntime{Chain{@NamedTuple{layer_1::Dense{typeof(tanh), Int64, Int64, Nothing, Nothing, Static.True}, layer_2::Dense{typeof(tanh), Int64, Int64, Nothing, Nothing, Static.True}, layer_3::Dense{typeof(identity), Int64, Int64, Nothing, Nothing, Static.True}}, Nothing}, @NamedTuple{layer_1::@NamedTuple{}, layer_2::@NamedTuple{}, layer_3::@NamedTuple{}}}, Int64, Int64, Int64}}, Nothing, Nothing, Nothing, Nothing, Nothing, Nothing, Nothing, Nothing, Nothing, Nothing, Nothing, Nothing, Nothing, typeof(SciMLBase.DEFAULT_OBSERVED_NO_TIME), Nothing, Nothing, Nothing, Nothing, Nothing, Nothing, Nothing, Nothing, Nothing, Nothing}, ComponentVector{Float64, Vector{Float64}, Tuple{Axis{(layer_1 = ViewAxis(1:64, Axis(weight = ViewAxis(1:32, ShapedAxis((32, 1))), bias = ViewAxis(33:64, Shaped1DAxis((32,))))), layer_2 = ViewAxis(65:1120, Axis(weight = ViewAxis(1:1024, ShapedAxis((32, 32))), bias = ViewAxis(1025:1056, Shaped1DAxis((32,))))), layer_3 = ViewAxis(1121:1219, Axis(weight = ViewAxis(1:96, ShapedAxis((3, 32))), bias = ViewAxis(97:99, Shaped1DAxis((3,))))))}}}, SciMLBase.NullParameters, Nothing, Nothing, Nothing, Nothing, Nothing, Nothing, @Kwargs{}}, ::Adam{Float64, Tuple{Float64, Float64}, Float64}; kwargs::@Kwargs{maxiters::Int64, callback::var"#22#24"{Vector{Int32}, Vector{Int32}, Vector{Float64}, Base.RefValue{Int64}, Base.RefValue{ComponentVector{Float64, Vector{Float64}, Tuple{Axis{(layer_1 = ViewAxis(1:64, Axis(weight = ViewAxis(1:32, ShapedAxis((32, 1))), bias = ViewAxis(33:64, Shaped1DAxis((32,))))), layer_2 = ViewAxis(65:1120, Axis(weight = ViewAxis(1:1024, ShapedAxis((32, 32))), bias = ViewAxis(1025:1056, Shaped1DAxis((32,))))), layer_3 = ViewAxis(1121:1219, Axis(weight = ViewAxis(1:96, ShapedAxis((3, 32))), bias = ViewAxis(97:99, Shaped1DAxis((3,))))))}}}}, Base.RefValue{Float64}, Vector{UInt64}, Base.RefValue{Int64}, NeuralScheduleRuntime{Chain{@NamedTuple{layer_1::Dense{typeof(tanh), Int64, Int64, Nothing, Nothing, Static.True}, layer_2::Dense{typeof(tanh), Int64, Int64, Nothing, Nothing, Static.True}, layer_3::Dense{typeof(identity), Int64, Int64, Nothing, Nothing, Static.True}}, Nothing}, @NamedTuple{layer_1::@NamedTuple{}, layer_2::@NamedTuple{}, layer_3::@NamedTuple{}}}, Int64, Int64, Config}})
    @ OptimizationBase ~/.julia/packages/OptimizationBase/mYxHK/src/solve.jl:98
 [19] run_train_mode(n::Int64, args::Dict{String, Any}, seed::UInt64, outdir::String, line_offsets::Vector{Int32}, line_points::Vector{Int32}, point_col_scale::Vector{Float64}, bounds::ScheduleBounds; verbose::Bool)
    @ Main ~/Developer/Work/Research/ICLR/approach_1/ude_n3l_tsit5.jl:1029
 [20] main()
    @ Main ~/Developer/Work/Research/ICLR/approach_1/ude_n3l_tsit5.jl:1492
 [21] #37
    @ ~/Developer/Work/Research/ICLR/approach_1/ude_n3l_tsit5.jl:1541 [inlined]
 [22] (::var"#3#6"{var"#37#38"})()
    @ Main ~/Developer/Work/Research/ICLR/approach_1/logging_utils.jl:34
 [23] (::Base.RedirectStdStream)(thunk::var"#3#6"{var"#37#38"}, stream::Base.Process)
    @ Base ./stream.jl:1429
 [24] #2
    @ ~/Developer/Work/Research/ICLR/approach_1/logging_utils.jl:32 [inlined]
 [25] (::Base.RedirectStdStream)(thunk::var"#2#5"{Base.Process, var"#37#38"}, stream::Base.Process)
    @ Base ./stream.jl:1429
 [26] (::var"#1#4"{var"#37#38"})(io::Base.Process)
    @ Main ~/Developer/Work/Research/ICLR/approach_1/logging_utils.jl:31
 [27] open(f::var"#1#4"{var"#37#38"}, cmds::Base.CmdRedirect, args::String; kwargs::@Kwargs{})
    @ Base ./process.jl:427
 [28] open
    @ ./process.jl:414 [inlined]
 [29] run_with_terminal_log(f::var"#37#38", runner_name::String, args::Vector{String})
    @ Main ~/Developer/Work/Research/ICLR/approach_1/logging_utils.jl:30
 [30] top-level scope
    @ ~/Developer/Work/Research/ICLR/approach_1/ude_n3l_tsit5.jl:1540
 [31] include(mod::Module, _path::String)
    @ Base ./Base.jl:495
 [32] exec_options(opts::Base.JLOptions)
    @ Base ./client.jl:323
 [33] _start()
    @ Base ./client.jl:557
